2019-09-27 15:40:04,553 [http-bio-8086-exec-6] [org.springframework.web.servlet.DispatcherServlet]-[DEBUG] Null ModelAndView returned to DispatcherServlet with name 'taotao-sso': assuming HandlerAdapter completed request handling
2019-09-27 15:40:04,554 [http-bio-8086-exec-6] [org.springframework.web.servlet.DispatcherServlet]-[DEBUG] Successfully completed request
2019-09-27 15:40:05,538 [http-bio-8086-exec-7] [org.springframework.web.servlet.DispatcherServlet]-[DEBUG] DispatcherServlet with name 'taotao-sso' processing GET request for [/user/token/436cf3d9-e5c9-4142-9ca6-8558e8d86e3e]
2019-09-27 15:40:05,539 [http-bio-8086-exec-7] [org.springframework.web.servlet.mvc.method.annotation.RequestMappingHandlerMapping]-[DEBUG] Looking up handler method for path /user/token/436cf3d9-e5c9-4142-9ca6-8558e8d86e3e
2019-09-27 15:40:05,540 [http-bio-8086-exec-7] [org.springframework.web.servlet.mvc.method.annotation.RequestMappingHandlerMapping]-[DEBUG] Returning handler method [public java.lang.Object com.taotao.sso.controller.UserController.getUserByToken(java.lang.String,java.lang.String)]
2019-09-27 15:40:05,540 [http-bio-8086-exec-7] [org.springframework.beans.factory.support.DefaultListableBeanFactory]-[DEBUG] Returning cached instance of singleton bean 'userController'
2019-09-27 15:40:05,541 [http-bio-8086-exec-7] [org.springframework.web.servlet.DispatcherServlet]-[DEBUG] Last-Modified value for [/user/token/436cf3d9-e5c9-4142-9ca6-8558e8d86e3e] is: -1
2019-09-27 15:40:05,547 [http-bio-8086-exec-7] [org.springframework.web.servlet.mvc.method.annotation.ResponseBodyAdviceChain]-[DEBUG] Invoking ResponseBodyAdvice chain for body=org.springframework.http.converter.json.MappingJacksonValue@18d6046
2019-09-27 15:40:05,547 [http-bio-8086-exec-7] [org.springframework.web.servlet.mvc.method.annotation.ResponseBodyAdviceChain]-[DEBUG] After ResponseBodyAdvice chain body=org.springframework.http.converter.json.MappingJacksonValue@18d6046
2019-09-27 15:40:05,549 [http-bio-8086-exec-7] [org.springframework.web.servlet.mvc.method.annotation.RequestResponseBodyMethodProcessor]-[DEBUG] Written [org.springframework.http.converter.json.MappingJacksonValue@18d6046] as "application/json;charset=UTF-8" using [org.springframework.http.converter.json.MappingJackson2HttpMessageConverter@1bd527e]
2019-09-27 15:40:05,549 [http-bio-8086-exec-7] [org.springframework.web.servlet.DispatcherServlet]-[DEBUG] Null ModelAndView returned to DispatcherServlet with name 'taotao-sso': assuming HandlerAdapter completed request handling
2019-09-27 15:40:05,549 [http-bio-8086-exec-7] [org.springframework.web.servlet.DispatcherServlet]-[DEBUG] Successfully completed request
2019-09-27 15:40:06,747 [http-bio-8086-exec-8] [org.springframework.web.servlet.DispatcherServlet]-[DEBUG] DispatcherServlet with name 'taotao-sso' processing GET request for [/user/token/436cf3d9-e5c9-4142-9ca6-8558e8d86e3e]
2019-09-27 15:40:06,747 [http-bio-8086-exec-8] [org.springframework.web.servlet.mvc.method.annotation.RequestMappingHandlerMapping]-[DEBUG] Looking up handler method for path /user/token/436cf3d9-e5c9-4142-9ca6-8558e8d86e3e
2019-09-27 15:40:06,748 [http-bio-8086-exec-8] [org.springframework.web.servlet.mvc.method.annotation.RequestMappingHandlerMapping]-[DEBUG] Returning handler method [public java.lang.Object com.taotao.sso.controller.UserController.getUserByToken(java.lang.String,java.lang.String)]
2019-09-27 15:40:06,748 [http-bio-8086-exec-8] [org.springframework.beans.factory.support.DefaultListableBeanFactory]-[DEBUG] Returning cached instance of singleton bean 'userController'
2019-09-27 15:40:06,748 [http-bio-8086-exec-8] [org.springframework.web.servlet.DispatcherServlet]-[DEBUG] Last-Modified value for [/user/token/436cf3d9-e5c9-4142-9ca6-8558e8d86e3e] is: -1
2019-09-27 15:40:06,754 [http-bio-8086-exec-8] [org.springframework.web.servlet.mvc.method.annotation.ResponseBodyAdviceChain]-[DEBUG] Invoking ResponseBodyAdvice chain for body=org.springframework.http.converter.json.MappingJacksonValue@14d41b8
2019-09-27 15:40:06,754 [http-bio-8086-exec-8] [org.springframework.web.servlet.mvc.method.annotation.ResponseBodyAdviceChain]-[DEBUG] After ResponseBodyAdvice chain body=org.springframework.http.converter.json.MappingJacksonValue@14d41b8
2019-09-27 15:40:06,759 [http-bio-8086-exec-8] [org.springframework.web.servlet.mvc.method.annotation.RequestResponseBodyMethodProcessor]-[DEBUG] Written [org.springframework.http.converter.json.MappingJacksonValue@14d41b8] as "application/json;charset=UTF-8" using [org.springframework.http.converter.json.MappingJackson2HttpMessageConverter@1bd527e]
2019-09-27 15:40:06,759 [http-bio-8086-exec-8] [org.springframework.web.servlet.DispatcherServlet]-[DEBUG] Null ModelAndView returned to DispatcherServlet with name 'taotao-sso': assuming HandlerAdapter completed request handling
2019-09-27 15:40:06,759 [http-bio-8086-exec-8] [org.springframework.web.servlet.DispatcherServlet]-[DEBUG] Successfully completed request
2019-09-27 15:40:25,637 [http-bio-8086-exec-9] [org.springframework.web.servlet.DispatcherServlet]-[DEBUG] DispatcherServlet with name 'taotao-sso' processing GET request for [/user/token/436cf3d9-e5c9-4142-9ca6-8558e8d86e3e]
2019-09-27 15:40:25,637 [http-bio-8086-exec-9] [org.springframework.web.servlet.mvc.method.annotation.RequestMappingHandlerMapping]-[DEBUG] Looking up handler method for path /user/token/436cf3d9-e5c9-4142-9ca6-8558e8d86e3e
2019-09-27 15:40:25,638 [http-bio-8086-exec-9] [org.springframework.web.servlet.mvc.method.annotation.RequestMappingHandlerMapping]-[DEBUG] Returning handler method [public java.lang.Object com.taotao.sso.controller.UserController.getUserByToken(java.lang.String,java.lang.String)]
2019-09-27 15:40:25,638 [http-bio-8086-exec-9] [org.springframework.beans.factory.support.DefaultListableBeanFactory]-[DEBUG] Returning cached instance of singleton bean 'userController'
2019-09-27 15:40:25,639 [http-bio-8086-exec-9] [org.springframework.web.servlet.DispatcherServlet]-[DEBUG] Last-Modified value for [/user/token/436cf3d9-e5c9-4142-9ca6-8558e8d86e3e] is: -1
2019-09-27 15:40:25,644 [http-bio-8086-exec-9] [org.springframework.web.servlet.mvc.method.annotation.ResponseBodyAdviceChain]-[DEBUG] Invoking ResponseBodyAdvice chain for body=org.springframework.http.converter.json.MappingJacksonValue@1a034e2
2019-09-27 15:40:25,644 [http-bio-8086-exec-9] [org.springframework.web.servlet.mvc.method.annotation.ResponseBodyAdviceChain]-[DEBUG] After ResponseBodyAdvice chain body=org.springframework.http.converter.json.MappingJacksonValue@1a034e2
2019-09-27 15:40:25,648 [http-bio-8086-exec-9] [org.springframework.web.servlet.mvc.method.annotation.RequestResponseBodyMethodProcessor]-[DEBUG] Written [org.springframework.http.converter.json.MappingJacksonValue@1a034e2] as "application/json;charset=UTF-8" using [org.springframework.http.converter.json.MappingJackson2HttpMessageConverter@1bd527e]
2019-09-27 15:40:25,648 [http-bio-8086-exec-9] [org.springframework.web.servlet.DispatcherServlet]-[DEBUG] Null ModelAndView returned to DispatcherServlet with name 'taotao-sso': assuming HandlerAdapter completed request handling
2019-09-27 15:40:25,648 [http-bio-8086-exec-9] [org.springframework.web.servlet.DispatcherServlet]-[DEBUG] Successfully completed request
2019-09-27 15:52:32,524 [http-bio-8086-exec-10] [org.springframework.web.servlet.DispatcherServlet]-[DEBUG] DispatcherServlet with name 'taotao-sso' processing GET request for [/user/token/436cf3d9-e5c9-4142-9ca6-8558e8d86e3e]
2019-09-27 15:52:32,524 [http-bio-8086-exec-10] [org.springframework.web.servlet.mvc.method.annotation.RequestMappingHandlerMapping]-[DEBUG] Looking up handler method for path /user/token/436cf3d9-e5c9-4142-9ca6-8558e8d86e3e
2019-09-27 15:52:32,525 [http-bio-8086-exec-10] [org.springframework.web.servlet.mvc.method.annotation.RequestMappingHandlerMapping]-[DEBUG] Returning handler method [public java.lang.Object com.taotao.sso.controller.UserController.getUserByToken(java.lang.String,java.lang.String)]
2019-09-27 15:52:32,525 [http-bio-8086-exec-10] [org.springframework.beans.factory.support.DefaultListableBeanFactory]-[DEBUG] Returning cached instance of singleton bean 'userController'
2019-09-27 15:52:32,525 [http-bio-8086-exec-10] [org.springframework.web.servlet.DispatcherServlet]-[DEBUG] Last-Modified value for [/user/token/436cf3d9-e5c9-4142-9ca6-8558e8d86e3e] is: -1
2019-09-27 15:52:32,530 [http-bio-8086-exec-10] [org.springframework.web.servlet.mvc.method.annotation.ResponseBodyAdviceChain]-[DEBUG] Invoking ResponseBodyAdvice chain for body=org.springframework.http.converter.json.MappingJacksonValue@12ff5e7
2019-09-27 15:52:32,530 [http-bio-8086-exec-10] [org.springframework.web.servlet.mvc.method.annotation.ResponseBodyAdviceChain]-[DEBUG] After ResponseBodyAdvice chain body=org.springframework.http.converter.json.MappingJacksonValue@12ff5e7
2019-09-27 15:52:32,532 [http-bio-8086-exec-10] [org.springframework.web.servlet.mvc.method.annotation.RequestResponseBodyMethodProcessor]-[DEBUG] Written [org.springframework.http.converter.json.MappingJacksonValue@12ff5e7] as "application/json;charset=UTF-8" using [org.springframework.http.converter.json.MappingJackson2HttpMessageConverter@1bd527e]
2019-09-27 15:52:32,533 [http-bio-8086-exec-10] [org.springframework.web.servlet.DispatcherServlet]-[DEBUG] Null ModelAndView returned to DispatcherServlet with name 'taotao-sso': assuming HandlerAdapter completed request handling
2019-09-27 15:52:32,533 [http-bio-8086-exec-10] [org.springframework.web.servlet.DispatcherServlet]-[DEBUG] Successfully completed request
2019-09-27 16:27:14,174 [http-bio-8086-exec-1] [org.springframework.web.servlet.DispatcherServlet]-[DEBUG] DispatcherServlet with name 'taotao-sso' processing GET request for [/user/token/436cf3d9-e5c9-4142-9ca6-8558e8d86e3e]
2019-09-27 16:27:16,566 [http-bio-8086-exec-1] [org.springframework.web.servlet.mvc.method.annotation.RequestMappingHandlerMapping]-[DEBUG] Looking up handler method for path /user/token/436cf3d9-e5c9-4142-9ca6-8558e8d86e3e
2019-09-27 16:27:16,673 [http-bio-8086-exec-2] [org.springframework.web.servlet.DispatcherServlet]-[DEBUG] DispatcherServlet with name 'taotao-sso' processing GET request for [/user/token/436cf3d9-e5c9-4142-9ca6-8558e8d86e3e]
2019-09-27 16:27:16,674 [http-bio-8086-exec-2] [org.springframework.web.servlet.mvc.method.annotation.RequestMappingHandlerMapping]-[DEBUG] Looking up handler method for path /user/token/436cf3d9-e5c9-4142-9ca6-8558e8d86e3e
2019-09-27 16:27:16,723 [http-bio-8086-exec-1] [org.springframework.web.servlet.mvc.method.annotation.RequestMappingHandlerMapping]-[DEBUG] Returning handler method [public java.lang.Object com.taotao.sso.controller.UserController.getUserByToken(java.lang.String,java.lang.String)]
2019-09-27 16:27:16,776 [http-bio-8086-exec-1] [org.springframework.beans.factory.support.DefaultListableBeanFactory]-[DEBUG] Returning cached instance of singleton bean 'userController'
2019-09-27 16:27:16,777 [http-bio-8086-exec-1] [org.springframework.web.servlet.DispatcherServlet]-[DEBUG] Last-Modified value for [/user/token/436cf3d9-e5c9-4142-9ca6-8558e8d86e3e] is: -1
2019-09-27 16:27:16,833 [http-bio-8086-exec-2] [org.springframework.web.servlet.mvc.method.annotation.RequestMappingHandlerMapping]-[DEBUG] Returning handler method [public java.lang.Object com.taotao.sso.controller.UserController.getUserByToken(java.lang.String,java.lang.String)]
2019-09-27 16:27:16,834 [http-bio-8086-exec-2] [org.springframework.beans.factory.support.DefaultListableBeanFactory]-[DEBUG] Returning cached instance of singleton bean 'userController'
2019-09-27 16:27:16,834 [http-bio-8086-exec-2] [org.springframework.web.servlet.DispatcherServlet]-[DEBUG] Last-Modified value for [/user/token/436cf3d9-e5c9-4142-9ca6-8558e8d86e3e] is: -1
2019-09-27 16:27:18,627 [http-bio-8086-exec-1] [org.springframework.web.servlet.mvc.method.annotation.ResponseBodyAdviceChain]-[DEBUG] Invoking ResponseBodyAdvice chain for body=org.springframework.http.converter.json.MappingJacksonValue@a69610
2019-09-27 16:27:18,627 [http-bio-8086-exec-2] [org.springframework.web.servlet.mvc.method.annotation.ResponseBodyAdviceChain]-[DEBUG] Invoking ResponseBodyAdvice chain for body=org.springframework.http.converter.json.MappingJacksonValue@a78c1f
2019-09-27 16:27:18,627 [http-bio-8086-exec-2] [org.springframework.web.servlet.mvc.method.annotation.ResponseBodyAdviceChain]-[DEBUG] After ResponseBodyAdvice chain body=org.springframework.http.converter.json.MappingJacksonValue@a78c1f
2019-09-27 16:27:18,627 [http-bio-8086-exec-1] [org.springframework.web.servlet.mvc.method.annotation.ResponseBodyAdviceChain]-[DEBUG] After ResponseBodyAdvice chain body=org.springframework.http.converter.json.MappingJacksonValue@a69610
2019-09-27 16:27:18,886 [http-bio-8086-exec-2] [org.springframework.web.servlet.mvc.method.annotation.RequestResponseBodyMethodProcessor]-[DEBUG] Written [org.springframework.http.converter.json.MappingJacksonValue@a78c1f] as "application/json;charset=UTF-8" using [org.springframework.http.converter.json.MappingJackson2HttpMessageConverter@1bd527e]
2019-09-27 16:27:18,938 [http-bio-8086-exec-1] [org.springframework.web.servlet.mvc.method.annotation.RequestResponseBodyMethodProcessor]-[DEBUG] Written [org.springframework.http.converter.json.MappingJacksonValue@a69610] as "application/json;charset=UTF-8" using [org.springframework.http.converter.json.MappingJackson2HttpMessageConverter@1bd527e]
2019-09-27 16:27:18,944 [http-bio-8086-exec-2] [org.springframework.web.servlet.DispatcherServlet]-[DEBUG] Null ModelAndView returned to DispatcherServlet with name 'taotao-sso': assuming HandlerAdapter completed request handling
2019-09-27 16:27:18,944 [http-bio-8086-exec-1] [org.springframework.web.servlet.DispatcherServlet]-[DEBUG] Null ModelAndView returned to DispatcherServlet with name 'taotao-sso': assuming HandlerAdapter completed request handling
2019-09-27 16:27:18,944 [http-bio-8086-exec-2] [org.springframework.web.servlet.DispatcherServlet]-[DEBUG] Successfully completed request
2019-09-27 16:27:18,944 [http-bio-8086-exec-1] [org.springframework.web.servlet.DispatcherServlet]-[DEBUG] Successfully completed request
2019-09-27 16:28:27,501 [http-bio-8086-exec-3] [org.springframework.web.servlet.DispatcherServlet]-[DEBUG] DispatcherServlet with name 'taotao-sso' processing GET request for [/user/token/436cf3d9-e5c9-4142-9ca6-8558e8d86e3e]
2019-09-27 16:28:27,502 [http-bio-8086-exec-3] [org.springframework.web.servlet.mvc.method.annotation.RequestMappingHandlerMapping]-[DEBUG] Looking up handler method for path /user/token/436cf3d9-e5c9-4142-9ca6-8558e8d86e3e
2019-09-27 16:28:27,546 [http-bio-8086-exec-3] [org.springframework.web.servlet.mvc.method.annotation.RequestMappingHandlerMapping]-[DEBUG] Returning handler method [public java.lang.Object com.taotao.sso.controller.UserController.getUserByToken(java.lang.String,java.lang.String)]
2019-09-27 16:28:27,546 [http-bio-8086-exec-3] [org.springframework.beans.factory.support.DefaultListableBeanFactory]-[DEBUG] Returning cached instance of singleton bean 'userController'
2019-09-27 16:28:27,546 [http-bio-8086-exec-3] [org.springframework.web.servlet.DispatcherServlet]-[DEBUG] Last-Modified value for [/user/token/436cf3d9-e5c9-4142-9ca6-8558e8d86e3e] is: -1
2019-09-27 16:28:27,614 [http-bio-8086-exec-3] [org.springframework.web.servlet.mvc.method.annotation.ResponseBodyAdviceChain]-[DEBUG] Invoking ResponseBodyAdvice chain for body=org.springframework.http.converter.json.MappingJacksonValue@51cd2b
2019-09-27 16:28:27,614 [http-bio-8086-exec-3] [org.springframework.web.servlet.mvc.method.annotation.ResponseBodyAdviceChain]-[DEBUG] After ResponseBodyAdvice chain body=org.springframework.http.converter.json.MappingJacksonValue@51cd2b
2019-09-27 16:28:27,615 [http-bio-8086-exec-3] [org.springframework.web.servlet.mvc.method.annotation.RequestResponseBodyMethodProcessor]-[DEBUG] Written [org.springframework.http.converter.json.MappingJacksonValue@51cd2b] as "application/json;charset=UTF-8" using [org.springframework.http.converter.json.MappingJackson2HttpMessageConverter@1bd527e]
2019-09-27 16:28:27,616 [http-bio-8086-exec-3] [org.springframework.web.servlet.DispatcherServlet]-[DEBUG] Null ModelAndView returned to DispatcherServlet with name 'taotao-sso': assuming HandlerAdapter completed request handling
2019-09-27 16:28:27,616 [http-bio-8086-exec-3] [org.springframework.web.servlet.DispatcherServlet]-[DEBUG] Successfully completed request
2019-09-27 16:30:34,252 [http-bio-8086-exec-4] [org.springframework.web.servlet.DispatcherServlet]-[DEBUG] DispatcherServlet with name 'taotao-sso' processing GET request for [/user/token/436cf3d9-e5c9-4142-9ca6-8558e8d86e3e]
2019-09-27 16:30:34,253 [http-bio-8086-exec-4] [org.springframework.web.servlet.mvc.method.annotation.RequestMappingHandlerMapping]-[DEBUG] Looking up handler method for path /user/token/436cf3d9-e5c9-4142-9ca6-8558e8d86e3e
2019-09-27 16:30:34,431 [http-bio-8086-exec-4] [org.springframework.web.servlet.mvc.method.annotation.RequestMappingHandlerMapping]-[DEBUG] Returning handler method [public java.lang.Object com.taotao.sso.controller.UserController.getUserByToken(java.lang.String,java.lang.String)]
2019-09-27 16:30:34,431 [http-bio-8086-exec-4] [org.springframework.beans.factory.support.DefaultListableBeanFactory]-[DEBUG] Returning cached instance of singleton bean 'userController'
2019-09-27 16:30:34,432 [http-bio-8086-exec-4] [org.springframework.web.servlet.DispatcherServlet]-[DEBUG] Last-Modified value for [/user/token/436cf3d9-e5c9-4142-9ca6-8558e8d86e3e] is: -1
2019-09-27 16:30:34,772 [http-bio-8086-exec-4] [org.springframework.web.servlet.mvc.method.annotation.ResponseBodyAdviceChain]-[DEBUG] Invoking ResponseBodyAdvice chain for body=org.springframework.http.converter.json.MappingJacksonValue@1e7ab54
2019-09-27 16:30:34,773 [http-bio-8086-exec-4] [org.springframework.web.servlet.mvc.method.annotation.ResponseBodyAdviceChain]-[DEBUG] After ResponseBodyAdvice chain body=org.springframework.http.converter.json.MappingJacksonValue@1e7ab54
2019-09-27 16:30:34,775 [http-bio-8086-exec-4] [org.springframework.web.servlet.mvc.method.annotation.RequestResponseBodyMethodProcessor]-[DEBUG] Written [org.springframework.http.converter.json.MappingJacksonValue@1e7ab54] as "application/json;charset=UTF-8" using [org.springframework.http.converter.json.MappingJackson2HttpMessageConverter@1bd527e]
2019-09-27 16:30:34,775 [http-bio-8086-exec-4] [org.springframework.web.servlet.DispatcherServlet]-[DEBUG] Null ModelAndView returned to DispatcherServlet with name 'taotao-sso': assuming HandlerAdapter completed request handling
2019-09-27 16:30:34,776 [http-bio-8086-exec-4] [org.springframework.web.servlet.DispatcherServlet]-[DEBUG] Successfully completed request
2019-09-27 16:31:02,898 [http-bio-8086-exec-5] [org.springframework.web.servlet.DispatcherServlet]-[DEBUG] DispatcherServlet with name 'taotao-sso' processing GET request for [/user/token/436cf3d9-e5c9-4142-9ca6-8558e8d86e3e]
2019-09-27 16:31:02,899 [http-bio-8086-exec-5] [org.springframework.web.servlet.mvc.method.annotation.RequestMappingHandlerMapping]-[DEBUG] Looking up handler method for path /user/token/436cf3d9-e5c9-4142-9ca6-8558e8d86e3e
2019-09-27 16:31:02,992 [http-bio-8086-exec-5] [org.springframework.web.servlet.mvc.method.annotation.RequestMappingHandlerMapping]-[DEBUG] Returning handler method [public java.lang.Object com.taotao.sso.controller.UserController.getUserByToken(java.lang.String,java.lang.String)]
2019-09-27 16:31:02,992 [http-bio-8086-exec-5] [org.springframework.beans.factory.support.DefaultListableBeanFactory]-[DEBUG] Returning cached instance of singleton bean 'userController'
2019-09-27 16:31:02,992 [http-bio-8086-exec-5] [org.springframework.web.servlet.DispatcherServlet]-[DEBUG] Last-Modified value for [/user/token/436cf3d9-e5c9-4142-9ca6-8558e8d86e3e] is: -1
2019-09-27 16:31:03,017 [http-bio-8086-exec-5] [org.springframework.web.servlet.mvc.method.annotation.ResponseBodyAdviceChain]-[DEBUG] Invoking ResponseBodyAdvice chain for body=org.springframework.http.converter.json.MappingJacksonValue@140fee5
2019-09-27 16:31:03,017 [http-bio-8086-exec-5] [org.springframework.web.servlet.mvc.method.annotation.ResponseBodyAdviceChain]-[DEBUG] After ResponseBodyAdvice chain body=org.springframework.http.converter.json.MappingJacksonValue@140fee5
2019-09-27 16:31:03,019 [http-bio-8086-exec-5] [org.springframework.web.servlet.mvc.method.annotation.RequestResponseBodyMethodProcessor]-[DEBUG] Written [org.springframework.http.converter.json.MappingJacksonValue@140fee5] as "application/json;charset=UTF-8" using [org.springframework.http.converter.json.MappingJackson2HttpMessageConverter@1bd527e]
2019-09-27 16:31:03,019 [http-bio-8086-exec-5] [org.springframework.web.servlet.DispatcherServlet]-[DEBUG] Null ModelAndView returned to DispatcherServlet with name 'taotao-sso': assuming HandlerAdapter completed request handling
2019-09-27 16:31:03,020 [http-bio-8086-exec-5] [org.springframework.web.servlet.DispatcherServlet]-[DEBUG] Successfully completed request
2019-09-27 16:36:37,508 [http-bio-8086-exec-6] [org.springframework.web.servlet.DispatcherServlet]-[DEBUG] DispatcherServlet with name 'taotao-sso' processing GET request for [/user/token/436cf3d9-e5c9-4142-9ca6-8558e8d86e3e]
2019-09-27 16:36:37,509 [http-bio-8086-exec-6] [org.springframework.web.servlet.mvc.method.annotation.RequestMappingHandlerMapping]-[DEBUG] Looking up handler method for path /user/token/436cf3d9-e5c9-4142-9ca6-8558e8d86e3e
2019-09-27 16:36:37,532 [http-bio-8086-exec-6] [org.springframework.web.servlet.mvc.method.annotation.RequestMappingHandlerMapping]-[DEBUG] Returning handler method [public java.lang.Object com.taotao.sso.controller.UserController.getUserByToken(java.lang.String,java.lang.String)]
2019-09-27 16:36:37,533 [http-bio-8086-exec-6] [org.springframework.beans.factory.support.DefaultListableBeanFactory]-[DEBUG] Returning cached instance of singleton bean 'userController'
2019-09-27 16:36:37,533 [http-bio-8086-exec-6] [org.springframework.web.servlet.DispatcherServlet]-[DEBUG] Last-Modified value for [/user/token/436cf3d9-e5c9-4142-9ca6-8558e8d86e3e] is: -1
2019-09-27 16:36:37,536 [http-bio-8086-exec-6] [org.springframework.web.servlet.mvc.method.annotation.ResponseBodyAdviceChain]-[DEBUG] Invoking ResponseBodyAdvice chain for body=org.springframework.http.converter.json.MappingJacksonValue@172ad32
2019-09-27 16:36:37,536 [http-bio-8086-exec-6] [org.springframework.web.servlet.mvc.method.annotation.ResponseBodyAdviceChain]-[DEBUG] After ResponseBodyAdvice chain body=org.springframework.http.converter.json.MappingJacksonValue@172ad32
2019-09-27 16:36:37,538 [http-bio-8086-exec-6] [org.springframework.web.servlet.mvc.method.annotation.RequestResponseBodyMethodProcessor]-[DEBUG] Written [org.springframework.http.converter.json.MappingJacksonValue@172ad32] as "application/json;charset=UTF-8" using [org.springframework.http.converter.json.MappingJackson2HttpMessageConverter@1bd527e]
2019-09-27 16:36:37,538 [http-bio-8086-exec-6] [org.springframework.web.servlet.DispatcherServlet]-[DEBUG] Null ModelAndView returned to DispatcherServlet with name 'taotao-sso': assuming HandlerAdapter completed request handling
2019-09-27 16:36:37,538 [http-bio-8086-exec-6] [org.springframework.web.servlet.DispatcherServlet]-[DEBUG] Successfully completed request
2019-09-27 16:37:41,847 [http-bio-8086-exec-7] [org.springframework.web.servlet.DispatcherServlet]-[DEBUG] DispatcherServlet with name 'taotao-sso' processing GET request for [/user/token/436cf3d9-e5c9-4142-9ca6-8558e8d86e3e]
2019-09-27 16:37:41,847 [http-bio-8086-exec-7] [org.springframework.web.servlet.mvc.method.annotation.RequestMappingHandlerMapping]-[DEBUG] Looking up handler method for path /user/token/436cf3d9-e5c9-4142-9ca6-8558e8d86e3e
2019-09-27 16:37:41,895 [http-bio-8086-exec-7] [org.springframework.web.servlet.mvc.method.annotation.RequestMappingHandlerMapping]-[DEBUG] Returning handler method [public java.lang.Object com.taotao.sso.controller.UserController.getUserByToken(java.lang.String,java.lang.String)]
2019-09-27 16:37:41,895 [http-bio-8086-exec-7] [org.springframework.beans.factory.support.DefaultListableBeanFactory]-[DEBUG] Returning cached instance of singleton bean 'userController'
2019-09-27 16:37:41,895 [http-bio-8086-exec-7] [org.springframework.web.servlet.DispatcherServlet]-[DEBUG] Last-Modified value for [/user/token/436cf3d9-e5c9-4142-9ca6-8558e8d86e3e] is: -1
2019-09-27 16:37:41,981 [http-bio-8086-exec-7] [org.springframework.web.servlet.mvc.method.annotation.ResponseBodyAdviceChain]-[DEBUG] Invoking ResponseBodyAdvice chain for body=org.springframework.http.converter.json.MappingJacksonValue@7d0c31
2019-09-27 16:37:41,981 [http-bio-8086-exec-7] [org.springframework.web.servlet.mvc.method.annotation.ResponseBodyAdviceChain]-[DEBUG] After ResponseBodyAdvice chain body=org.springframework.http.converter.json.MappingJacksonValue@7d0c31
2019-09-27 16:37:42,028 [http-bio-8086-exec-7] [org.springframework.web.servlet.mvc.method.annotation.RequestResponseBodyMethodProcessor]-[DEBUG] Written [org.springframework.http.converter.json.MappingJacksonValue@7d0c31] as "application/json;charset=UTF-8" using [org.springframework.http.converter.json.MappingJackson2HttpMessageConverter@1bd527e]
2019-09-27 16:37:42,028 [http-bio-8086-exec-7] [org.springframework.web.servlet.DispatcherServlet]-[DEBUG] Null ModelAndView returned to DispatcherServlet with name 'taotao-sso': assuming HandlerAdapter completed request handling
2019-09-27 16:37:42,029 [http-bio-8086-exec-7] [org.springframework.web.servlet.DispatcherServlet]-[DEBUG] Successfully completed request
2019-09-27 16:40:37,035 [http-bio-8086-exec-8] [org.springframework.web.servlet.DispatcherServlet]-[DEBUG] DispatcherServlet with name 'taotao-sso' processing GET request for [/user/token/436cf3d9-e5c9-4142-9ca6-8558e8d86e3e]
2019-09-27 16:40:37,035 [http-bio-8086-exec-8] [org.springframework.web.servlet.mvc.method.annotation.RequestMappingHandlerMapping]-[DEBUG] Looking up handler method for path /user/token/436cf3d9-e5c9-4142-9ca6-8558e8d86e3e
2019-09-27 16:40:37,036 [http-bio-8086-exec-8] [org.springframework.web.servlet.mvc.method.annotation.RequestMappingHandlerMapping]-[DEBUG] Returning handler method [public java.lang.Object com.taotao.sso.controller.UserController.getUserByToken(java.lang.String,java.lang.String)]
2019-09-27 16:40:37,036 [http-bio-8086-exec-8] [org.springframework.beans.factory.support.DefaultListableBeanFactory]-[DEBUG] Returning cached instance of singleton bean 'userController'
2019-09-27 16:40:37,037 [http-bio-8086-exec-8] [org.springframework.web.servlet.DispatcherServlet]-[DEBUG] Last-Modified value for [/user/token/436cf3d9-e5c9-4142-9ca6-8558e8d86e3e] is: -1
2019-09-27 16:40:37,041 [http-bio-8086-exec-8] [org.springframework.web.servlet.mvc.method.annotation.ResponseBodyAdviceChain]-[DEBUG] Invoking ResponseBodyAdvice chain for body=org.springframework.http.converter.json.MappingJacksonValue@dd61ff
2019-09-27 16:40:37,042 [http-bio-8086-exec-8] [org.springframework.web.servlet.mvc.method.annotation.ResponseBodyAdviceChain]-[DEBUG] After ResponseBodyAdvice chain body=org.springframework.http.converter.json.MappingJacksonValue@dd61ff
2019-09-27 16:40:37,156 [http-bio-8086-exec-8] [org.springframework.web.servlet.mvc.method.annotation.RequestResponseBodyMethodProcessor]-[DEBUG] Written [org.springframework.http.converter.json.MappingJacksonValue@dd61ff] as "application/json;charset=UTF-8" using [org.springframework.http.converter.json.MappingJackson2HttpMessageConverter@1bd527e]
2019-09-27 16:40:37,157 [http-bio-8086-exec-8] [org.springframework.web.servlet.DispatcherServlet]-[DEBUG] Null ModelAndView returned to DispatcherServlet with name 'taotao-sso': assuming HandlerAdapter completed request handling
2019-09-27 16:40:37,157 [http-bio-8086-exec-8] [org.springframework.web.servlet.DispatcherServlet]-[DEBUG] Successfully completed request
2019-09-27 16:40:45,950 [http-bio-8086-exec-9] [org.springframework.web.servlet.DispatcherServlet]-[DEBUG] DispatcherServlet with name 'taotao-sso' processing GET request for [/user/token/436cf3d9-e5c9-4142-9ca6-8558e8d86e3e]
2019-09-27 16:40:45,950 [http-bio-8086-exec-9] [org.springframework.web.servlet.mvc.method.annotation.RequestMappingHandlerMapping]-[DEBUG] Looking up handler method for path /user/token/436cf3d9-e5c9-4142-9ca6-8558e8d86e3e
2019-09-27 16:40:45,954 [http-bio-8086-exec-9] [org.springframework.web.servlet.mvc.method.annotation.RequestMappingHandlerMapping]-[DEBUG] Returning handler method [public java.lang.Object com.taotao.sso.controller.UserController.getUserByToken(java.lang.String,java.lang.String)]
2019-09-27 16:40:45,955 [http-bio-8086-exec-9] [org.springframework.beans.factory.support.DefaultListableBeanFactory]-[DEBUG] Returning cached instance of singleton bean 'userController'
2019-09-27 16:40:45,955 [http-bio-8086-exec-9] [org.springframework.web.servlet.DispatcherServlet]-[DEBUG] Last-Modified value for [/user/token/436cf3d9-e5c9-4142-9ca6-8558e8d86e3e] is: -1
2019-09-27 16:40:45,976 [http-bio-8086-exec-9] [org.springframework.web.servlet.mvc.method.annotation.ResponseBodyAdviceChain]-[DEBUG] Invoking ResponseBodyAdvice chain for body=org.springframework.http.converter.json.MappingJacksonValue@169672c
2019-09-27 16:40:45,977 [http-bio-8086-exec-9] [org.springframework.web.servlet.mvc.method.annotation.ResponseBodyAdviceChain]-[DEBUG] After ResponseBodyAdvice chain body=org.springframework.http.converter.json.MappingJacksonValue@169672c
2019-09-27 16:40:45,978 [http-bio-8086-exec-9] [org.springframework.web.servlet.mvc.method.annotation.RequestResponseBodyMethodProcessor]-[DEBUG] Written [org.springframework.http.converter.json.MappingJacksonValue@169672c] as "application/json;charset=UTF-8" using [org.springframework.http.converter.json.MappingJackson2HttpMessageConverter@1bd527e]
2019-09-27 16:40:45,978 [http-bio-8086-exec-9] [org.springframework.web.servlet.DispatcherServlet]-[DEBUG] Null ModelAndView returned to DispatcherServlet with name 'taotao-sso': assuming HandlerAdapter completed request handling
2019-09-27 16:40:45,978 [http-bio-8086-exec-9] [org.springframework.web.servlet.DispatcherServlet]-[DEBUG] Successfully completed request
2019-09-27 16:41:04,845 [http-bio-8086-exec-10] [org.springframework.web.servlet.DispatcherServlet]-[DEBUG] DispatcherServlet with name 'taotao-sso' processing GET request for [/user/token/436cf3d9-e5c9-4142-9ca6-8558e8d86e3e]
2019-09-27 16:41:04,845 [http-bio-8086-exec-10] [org.springframework.web.servlet.mvc.method.annotation.RequestMappingHandlerMapping]-[DEBUG] Looking up handler method for path /user/token/436cf3d9-e5c9-4142-9ca6-8558e8d86e3e
2019-09-27 16:41:04,846 [http-bio-8086-exec-10] [org.springframework.web.servlet.mvc.method.annotation.RequestMappingHandlerMapping]-[DEBUG] Returning handler method [public java.lang.Object com.taotao.sso.controller.UserController.getUserByToken(java.lang.String,java.lang.String)]
2019-09-27 16:41:04,846 [http-bio-8086-exec-10] [org.springframework.beans.factory.support.DefaultListableBeanFactory]-[DEBUG] Returning cached instance of singleton bean 'userController'
2019-09-27 16:41:04,846 [http-bio-8086-exec-10] [org.springframework.web.servlet.DispatcherServlet]-[DEBUG] Last-Modified value for [/user/token/436cf3d9-e5c9-4142-9ca6-8558e8d86e3e] is: -1
2019-09-27 16:41:04,851 [http-bio-8086-exec-10] [org.springframework.web.servlet.mvc.method.annotation.ResponseBodyAdviceChain]-[DEBUG] Invoking ResponseBodyAdvice chain for body=org.springframework.http.converter.json.MappingJacksonValue@48d433
2019-09-27 16:41:04,851 [http-bio-8086-exec-10] [org.springframework.web.servlet.mvc.method.annotation.ResponseBodyAdviceChain]-[DEBUG] After ResponseBodyAdvice chain body=org.springframework.http.converter.json.MappingJacksonValue@48d433
2019-09-27 16:41:04,854 [http-bio-8086-exec-10] [org.springframework.web.servlet.mvc.method.annotation.RequestResponseBodyMethodProcessor]-[DEBUG] Written [org.springframework.http.converter.json.MappingJacksonValue@48d433] as "application/json;charset=UTF-8" using [org.springframework.http.converter.json.MappingJackson2HttpMessageConverter@1bd527e]
2019-09-27 16:41:04,856 [http-bio-8086-exec-10] [org.springframework.web.servlet.DispatcherServlet]-[DEBUG] Null ModelAndView returned to DispatcherServlet with name 'taotao-sso': assuming HandlerAdapter completed request handling
2019-09-27 16:41:04,856 [http-bio-8086-exec-10] [org.springframework.web.servlet.DispatcherServlet]-[DEBUG] Successfully completed request
2019-09-27 16:43:18,054 [http-bio-8086-exec-1] [org.springframework.web.servlet.DispatcherServlet]-[DEBUG] DispatcherServlet with name 'taotao-sso' processing GET request for [/user/token/436cf3d9-e5c9-4142-9ca6-8558e8d86e3e]
2019-09-27 16:43:18,055 [http-bio-8086-exec-1] [org.springframework.web.servlet.mvc.method.annotation.RequestMappingHandlerMapping]-[DEBUG] Looking up handler method for path /user/token/436cf3d9-e5c9-4142-9ca6-8558e8d86e3e
2019-09-27 16:43:18,056 [http-bio-8086-exec-1] [org.springframework.web.servlet.mvc.method.annotation.RequestMappingHandlerMapping]-[DEBUG] Returning handler method [public java.lang.Object com.taotao.sso.controller.UserController.getUserByToken(java.lang.String,java.lang.String)]
2019-09-27 16:43:18,058 [http-bio-8086-exec-1] [org.springframework.beans.factory.support.DefaultListableBeanFactory]-[DEBUG] Returning cached instance of singleton bean 'userController'
2019-09-27 16:43:18,059 [http-bio-8086-exec-1] [org.springframework.web.servlet.DispatcherServlet]-[DEBUG] Last-Modified value for [/user/token/436cf3d9-e5c9-4142-9ca6-8558e8d86e3e] is: -1
2019-09-27 16:43:18,075 [http-bio-8086-exec-1] [org.springframework.web.servlet.mvc.method.annotation.ResponseBodyAdviceChain]-[DEBUG] Invoking ResponseBodyAdvice chain for body=org.springframework.http.converter.json.MappingJacksonValue@141f608
2019-09-27 16:43:18,075 [http-bio-8086-exec-1] [org.springframework.web.servlet.mvc.method.annotation.ResponseBodyAdviceChain]-[DEBUG] After ResponseBodyAdvice chain body=org.springframework.http.converter.json.MappingJacksonValue@141f608
2019-09-27 16:43:18,078 [http-bio-8086-exec-1] [org.springframework.web.servlet.mvc.method.annotation.RequestResponseBodyMethodProcessor]-[DEBUG] Written [org.springframework.http.converter.json.MappingJacksonValue@141f608] as "application/json;charset=UTF-8" using [org.springframework.http.converter.json.MappingJackson2HttpMessageConverter@1bd527e]
2019-09-27 16:43:18,078 [http-bio-8086-exec-1] [org.springframework.web.servlet.DispatcherServlet]-[DEBUG] Null ModelAndView returned to DispatcherServlet with name 'taotao-sso': assuming HandlerAdapter completed request handling
2019-09-27 16:43:18,079 [http-bio-8086-exec-1] [org.springframework.web.servlet.DispatcherServlet]-[DEBUG] Successfully completed request
