2019-09-27 17:23:28,574 [localhost-startStop-1] [org.springframework.beans.factory.support.DefaultListableBeanFactory]-[DEBUG] Creating instance of bean 'mvcContentNegotiationManager'
2019-09-27 17:23:28,575 [localhost-startStop-1] [org.springframework.beans.factory.support.DefaultListableBeanFactory]-[DEBUG] Eagerly caching bean 'mvcContentNegotiationManager' to allow for resolving potential circular references
2019-09-27 17:23:28,639 [localhost-startStop-1] [org.springframework.beans.factory.support.DefaultListableBeanFactory]-[DEBUG] Invoking afterPropertiesSet() on bean with name 'mvcContentNegotiationManager'
2019-09-27 17:23:28,645 [localhost-startStop-1] [org.springframework.beans.factory.support.DefaultListableBeanFactory]-[DEBUG] Finished creating instance of bean 'mvcContentNegotiationManager'
2019-09-27 17:23:28,646 [localhost-startStop-1] [org.springframework.beans.factory.support.DefaultListableBeanFactory]-[DEBUG] Creating shared instance of singleton bean 'org.springframework.web.servlet.mvc.method.annotation.RequestMappingHandlerMapping#0'
2019-09-27 17:23:28,646 [localhost-startStop-1] [org.springframework.beans.factory.support.DefaultListableBeanFactory]-[DEBUG] Creating instance of bean 'org.springframework.web.servlet.mvc.method.annotation.RequestMappingHandlerMapping#0'
2019-09-27 17:23:28,658 [localhost-startStop-1] [org.springframework.beans.factory.support.DefaultListableBeanFactory]-[DEBUG] Eagerly caching bean 'org.springframework.web.servlet.mvc.method.annotation.RequestMappingHandlerMapping#0' to allow for resolving potential circular references
2019-09-27 17:23:28,699 [localhost-startStop-1] [org.springframework.beans.factory.support.DefaultListableBeanFactory]-[DEBUG] Returning cached instance of singleton bean 'mvcContentNegotiationManager'
2019-09-27 17:23:28,702 [localhost-startStop-1] [org.springframework.beans.factory.support.DefaultListableBeanFactory]-[DEBUG] Creating shared instance of singleton bean 'org.springframework.web.servlet.handler.MappedInterceptor#0'
2019-09-27 17:23:28,703 [localhost-startStop-1] [org.springframework.beans.factory.support.DefaultListableBeanFactory]-[DEBUG] Creating instance of bean 'org.springframework.web.servlet.handler.MappedInterceptor#0'
2019-09-27 17:23:28,704 [localhost-startStop-1] [org.springframework.beans.factory.support.DefaultListableBeanFactory]-[DEBUG] Creating instance of bean '(inner bean)#86657'
2019-09-27 17:23:28,704 [localhost-startStop-1] [org.springframework.beans.factory.support.DefaultListableBeanFactory]-[DEBUG] Creating shared instance of singleton bean 'org.springframework.format.support.FormattingConversionServiceFactoryBean#0'
2019-09-27 17:23:28,705 [localhost-startStop-1] [org.springframework.beans.factory.support.DefaultListableBeanFactory]-[DEBUG] Creating instance of bean 'org.springframework.format.support.FormattingConversionServiceFactoryBean#0'
2019-09-27 17:23:28,705 [localhost-startStop-1] [org.springframework.beans.factory.support.DefaultListableBeanFactory]-[DEBUG] Eagerly caching bean 'org.springframework.format.support.FormattingConversionServiceFactoryBean#0' to allow for resolving potential circular references
2019-09-27 17:23:28,718 [localhost-startStop-1] [org.springframework.beans.factory.support.DefaultListableBeanFactory]-[DEBUG] Invoking afterPropertiesSet() on bean with name 'org.springframework.format.support.FormattingConversionServiceFactoryBean#0'
2019-09-27 17:23:28,921 [localhost-startStop-1] [org.springframework.beans.factory.support.DefaultListableBeanFactory]-[DEBUG] Finished creating instance of bean 'org.springframework.format.support.FormattingConversionServiceFactoryBean#0'
2019-09-27 17:23:28,933 [localhost-startStop-1] [org.springframework.beans.factory.support.DefaultListableBeanFactory]-[DEBUG] Finished creating instance of bean '(inner bean)#86657'
2019-09-27 17:23:28,935 [localhost-startStop-1] [org.springframework.beans.BeanUtils]-[DEBUG] No property editor [org.springframework.web.context.request.WebRequestInterceptorEditor] found for type org.springframework.web.context.request.WebRequestInterceptor according to 'Editor' suffix convention
2019-09-27 17:23:28,937 [localhost-startStop-1] [org.springframework.beans.factory.support.DefaultListableBeanFactory]-[DEBUG] Eagerly caching bean 'org.springframework.web.servlet.handler.MappedInterceptor#0' to allow for resolving potential circular references
2019-09-27 17:23:28,943 [localhost-startStop-1] [org.springframework.beans.factory.support.DefaultListableBeanFactory]-[DEBUG] Finished creating instance of bean 'org.springframework.web.servlet.handler.MappedInterceptor#0'
2019-09-27 17:23:28,944 [localhost-startStop-1] [org.springframework.beans.factory.support.DefaultListableBeanFactory]-[DEBUG] Invoking afterPropertiesSet() on bean with name 'org.springframework.web.servlet.mvc.method.annotation.RequestMappingHandlerMapping#0'
2019-09-27 17:23:28,944 [localhost-startStop-1] [org.springframework.web.servlet.mvc.method.annotation.RequestMappingHandlerMapping]-[DEBUG] Looking for request mappings in application context: WebApplicationContext for namespace 'taotao-search-servlet': startup date [Fri Sep 27 17:23:28 CST 2019]; parent: Root WebApplicationContext
2019-09-27 17:23:28,962 [localhost-startStop-1] [org.springframework.web.servlet.mvc.method.annotation.RequestMappingHandlerMapping]-[INFO] Mapped "{[/manager/importall],methods=[],params=[],headers=[],consumes=[],produces=[],custom=[]}" onto public com.taotao.common.pojo.TaotaoResult com.taotao.search.controller.ItemController.importAllItems()
2019-09-27 17:23:28,962 [localhost-startStop-1] [org.springframework.web.servlet.mvc.method.annotation.RequestMappingHandlerMapping]-[INFO] Mapped "{[/query],methods=[GET],params=[],headers=[],consumes=[],produces=[],custom=[]}" onto public com.taotao.common.pojo.TaotaoResult com.taotao.search.controller.SearchController.search(java.lang.String,java.lang.Integer,java.lang.Integer)
2019-09-27 17:23:28,964 [localhost-startStop-1] [org.springframework.beans.factory.support.DefaultListableBeanFactory]-[DEBUG] Finished creating instance of bean 'org.springframework.web.servlet.mvc.method.annotation.RequestMappingHandlerMapping#0'
2019-09-27 17:23:28,965 [localhost-startStop-1] [org.springframework.beans.factory.support.DefaultListableBeanFactory]-[DEBUG] Returning cached instance of singleton bean 'org.springframework.format.support.FormattingConversionServiceFactoryBean#0'
2019-09-27 17:23:28,965 [localhost-startStop-1] [org.springframework.beans.factory.support.DefaultListableBeanFactory]-[DEBUG] Creating shared instance of singleton bean 'org.springframework.web.servlet.mvc.method.annotation.RequestMappingHandlerAdapter#0'
2019-09-27 17:23:28,965 [localhost-startStop-1] [org.springframework.beans.factory.support.DefaultListableBeanFactory]-[DEBUG] Creating instance of bean 'org.springframework.web.servlet.mvc.method.annotation.RequestMappingHandlerAdapter#0'
2019-09-27 17:23:29,535 [localhost-startStop-1] [org.springframework.beans.factory.support.DefaultListableBeanFactory]-[DEBUG] Eagerly caching bean 'org.springframework.web.servlet.mvc.method.annotation.RequestMappingHandlerAdapter#0' to allow for resolving potential circular references
2019-09-27 17:23:29,554 [localhost-startStop-1] [org.springframework.beans.factory.support.DefaultListableBeanFactory]-[DEBUG] Returning cached instance of singleton bean 'mvcContentNegotiationManager'
2019-09-27 17:23:29,554 [localhost-startStop-1] [org.springframework.beans.factory.support.DefaultListableBeanFactory]-[DEBUG] Creating instance of bean '(inner bean)#b5023a'
2019-09-27 17:23:29,563 [localhost-startStop-1] [org.springframework.beans.factory.support.DefaultListableBeanFactory]-[DEBUG] Returning cached instance of singleton bean 'org.springframework.format.support.FormattingConversionServiceFactoryBean#0'
2019-09-27 17:23:29,564 [localhost-startStop-1] [org.springframework.beans.factory.support.DefaultListableBeanFactory]-[DEBUG] Finished creating instance of bean '(inner bean)#b5023a'
2019-09-27 17:23:29,565 [localhost-startStop-1] [org.springframework.beans.factory.support.DefaultListableBeanFactory]-[DEBUG] Creating instance of bean '(inner bean)#193f418'
2019-09-27 17:23:29,579 [localhost-startStop-1] [org.springframework.beans.factory.support.DefaultListableBeanFactory]-[DEBUG] Finished creating instance of bean '(inner bean)#193f418'
2019-09-27 17:23:29,579 [localhost-startStop-1] [org.springframework.beans.factory.support.DefaultListableBeanFactory]-[DEBUG] Creating instance of bean '(inner bean)#9d8c85'
2019-09-27 17:23:29,590 [localhost-startStop-1] [org.springframework.beans.factory.support.DefaultListableBeanFactory]-[DEBUG] Finished creating instance of bean '(inner bean)#9d8c85'
2019-09-27 17:23:29,591 [localhost-startStop-1] [org.springframework.beans.factory.support.DefaultListableBeanFactory]-[DEBUG] Creating instance of bean '(inner bean)#909ffa'
2019-09-27 17:23:29,599 [localhost-startStop-1] [org.springframework.beans.factory.support.DefaultListableBeanFactory]-[DEBUG] Finished creating instance of bean '(inner bean)#909ffa'
2019-09-27 17:23:29,599 [localhost-startStop-1] [org.springframework.beans.factory.support.DefaultListableBeanFactory]-[DEBUG] Creating instance of bean '(inner bean)#1e13541'
2019-09-27 17:23:29,606 [localhost-startStop-1] [org.springframework.beans.factory.support.DefaultListableBeanFactory]-[DEBUG] Finished creating instance of bean '(inner bean)#1e13541'
2019-09-27 17:23:29,606 [localhost-startStop-1] [org.springframework.beans.factory.support.DefaultListableBeanFactory]-[DEBUG] Creating instance of bean '(inner bean)#1960c08'
2019-09-27 17:23:29,622 [localhost-startStop-1] [org.springframework.beans.factory.support.DefaultListableBeanFactory]-[DEBUG] Finished creating instance of bean '(inner bean)#1960c08'
2019-09-27 17:23:29,622 [localhost-startStop-1] [org.springframework.beans.factory.support.DefaultListableBeanFactory]-[DEBUG] Creating instance of bean '(inner bean)#1de4a8d'
2019-09-27 17:23:29,642 [localhost-startStop-1] [org.springframework.beans.factory.support.DefaultListableBeanFactory]-[DEBUG] Finished creating instance of bean '(inner bean)#1de4a8d'
2019-09-27 17:23:29,642 [localhost-startStop-1] [org.springframework.beans.factory.support.DefaultListableBeanFactory]-[DEBUG] Creating instance of bean '(inner bean)#126cc9f'
2019-09-27 17:23:29,663 [localhost-startStop-1] [org.springframework.beans.factory.support.DefaultListableBeanFactory]-[DEBUG] Finished creating instance of bean '(inner bean)#126cc9f'
2019-09-27 17:23:29,664 [localhost-startStop-1] [org.springframework.beans.factory.support.DefaultListableBeanFactory]-[DEBUG] Creating instance of bean '(inner bean)#3296b4'
2019-09-27 17:23:29,676 [localhost-startStop-1] [org.springframework.beans.factory.support.DefaultListableBeanFactory]-[DEBUG] Finished creating instance of bean '(inner bean)#3296b4'
2019-09-27 17:23:29,677 [localhost-startStop-1] [org.springframework.beans.factory.support.DefaultListableBeanFactory]-[DEBUG] Invoking afterPropertiesSet() on bean with name 'org.springframework.web.servlet.mvc.method.annotation.RequestMappingHandlerAdapter#0'
2019-09-27 17:23:29,677 [localhost-startStop-1] [org.springframework.web.servlet.mvc.method.annotation.RequestMappingHandlerAdapter]-[INFO] Looking for @ControllerAdvice: WebApplicationContext for namespace 'taotao-search-servlet': startup date [Fri Sep 27 17:23:28 CST 2019]; parent: Root WebApplicationContext
2019-09-27 17:23:29,727 [localhost-startStop-1] [org.springframework.beans.factory.support.DefaultListableBeanFactory]-[DEBUG] Finished creating instance of bean 'org.springframework.web.servlet.mvc.method.annotation.RequestMappingHandlerAdapter#0'
2019-09-27 17:23:29,727 [localhost-startStop-1] [org.springframework.beans.factory.support.DefaultListableBeanFactory]-[DEBUG] Creating shared instance of singleton bean 'mvcUriComponentsContributor'
2019-09-27 17:23:29,727 [localhost-startStop-1] [org.springframework.beans.factory.support.DefaultListableBeanFactory]-[DEBUG] Creating instance of bean 'mvcUriComponentsContributor'
2019-09-27 17:23:29,727 [localhost-startStop-1] [org.springframework.beans.factory.support.DefaultListableBeanFactory]-[DEBUG] Eagerly caching bean 'mvcUriComponentsContributor' to allow for resolving potential circular references
2019-09-27 17:23:29,733 [localhost-startStop-1] [org.springframework.beans.factory.support.DefaultListableBeanFactory]-[DEBUG] Creating instance of bean '(inner bean)#1e50c5d'
2019-09-27 17:23:29,740 [localhost-startStop-1] [org.springframework.beans.factory.support.DefaultListableBeanFactory]-[DEBUG] Returning cached instance of singleton bean 'mvcContentNegotiationManager'
2019-09-27 17:23:29,740 [localhost-startStop-1] [org.springframework.beans.factory.support.DefaultListableBeanFactory]-[DEBUG] Creating instance of bean '(inner bean)#b5023a#1'
2019-09-27 17:23:29,740 [localhost-startStop-1] [org.springframework.beans.factory.support.DefaultListableBeanFactory]-[DEBUG] Returning cached instance of singleton bean 'org.springframework.format.support.FormattingConversionServiceFactoryBean#0'
2019-09-27 17:23:29,741 [localhost-startStop-1] [org.springframework.beans.factory.support.DefaultListableBeanFactory]-[DEBUG] Finished creating instance of bean '(inner bean)#b5023a#1'
2019-09-27 17:23:29,741 [localhost-startStop-1] [org.springframework.beans.factory.support.DefaultListableBeanFactory]-[DEBUG] Creating instance of bean '(inner bean)#193f418#1'
2019-09-27 17:23:29,742 [localhost-startStop-1] [org.springframework.beans.factory.support.DefaultListableBeanFactory]-[DEBUG] Finished creating instance of bean '(inner bean)#193f418#1'
2019-09-27 17:23:29,742 [localhost-startStop-1] [org.springframework.beans.factory.support.DefaultListableBeanFactory]-[DEBUG] Creating instance of bean '(inner bean)#9d8c85#1'
2019-09-27 17:23:29,743 [localhost-startStop-1] [org.springframework.beans.factory.support.DefaultListableBeanFactory]-[DEBUG] Finished creating instance of bean '(inner bean)#9d8c85#1'
2019-09-27 17:23:29,744 [localhost-startStop-1] [org.springframework.beans.factory.support.DefaultListableBeanFactory]-[DEBUG] Creating instance of bean '(inner bean)#909ffa#1'
2019-09-27 17:23:29,745 [localhost-startStop-1] [org.springframework.beans.factory.support.DefaultListableBeanFactory]-[DEBUG] Finished creating instance of bean '(inner bean)#909ffa#1'
2019-09-27 17:23:29,745 [localhost-startStop-1] [org.springframework.beans.factory.support.DefaultListableBeanFactory]-[DEBUG] Creating instance of bean '(inner bean)#1e13541#1'
2019-09-27 17:23:29,747 [localhost-startStop-1] [org.springframework.beans.factory.support.DefaultListableBeanFactory]-[DEBUG] Finished creating instance of bean '(inner bean)#1e13541#1'
2019-09-27 17:23:29,747 [localhost-startStop-1] [org.springframework.beans.factory.support.DefaultListableBeanFactory]-[DEBUG] Creating instance of bean '(inner bean)#1960c08#1'
2019-09-27 17:23:29,756 [localhost-startStop-1] [org.springframework.beans.factory.support.DefaultListableBeanFactory]-[DEBUG] Finished creating instance of bean '(inner bean)#1960c08#1'
2019-09-27 17:23:29,757 [localhost-startStop-1] [org.springframework.beans.factory.support.DefaultListableBeanFactory]-[DEBUG] Creating instance of bean '(inner bean)#1de4a8d#1'
2019-09-27 17:23:29,758 [localhost-startStop-1] [org.springframework.beans.factory.support.DefaultListableBeanFactory]-[DEBUG] Finished creating instance of bean '(inner bean)#1de4a8d#1'
2019-09-27 17:23:29,758 [localhost-startStop-1] [org.springframework.beans.factory.support.DefaultListableBeanFactory]-[DEBUG] Creating instance of bean '(inner bean)#126cc9f#1'
2019-09-27 17:23:29,764 [localhost-startStop-1] [org.springframework.beans.factory.support.DefaultListableBeanFactory]-[DEBUG] Finished creating instance of bean '(inner bean)#126cc9f#1'
2019-09-27 17:23:29,764 [localhost-startStop-1] [org.springframework.beans.factory.support.DefaultListableBeanFactory]-[DEBUG] Creating instance of bean '(inner bean)#3296b4#1'
2019-09-27 17:23:29,764 [localhost-startStop-1] [org.springframework.beans.factory.support.DefaultListableBeanFactory]-[DEBUG] Finished creating instance of bean '(inner bean)#3296b4#1'
2019-09-27 17:23:29,765 [localhost-startStop-1] [org.springframework.beans.factory.support.DefaultListableBeanFactory]-[DEBUG] Invoking afterPropertiesSet() on bean with name '(inner bean)#1e50c5d'
2019-09-27 17:23:29,765 [localhost-startStop-1] [org.springframework.web.servlet.mvc.method.annotation.RequestMappingHandlerAdapter]-[INFO] Looking for @ControllerAdvice: WebApplicationContext for namespace 'taotao-search-servlet': startup date [Fri Sep 27 17:23:28 CST 2019]; parent: Root WebApplicationContext
2019-09-27 17:23:29,765 [localhost-startStop-1] [org.springframework.beans.factory.support.DefaultListableBeanFactory]-[DEBUG] Returning eagerly cached instance of singleton bean 'mvcUriComponentsContributor' that is not fully initialized yet - a consequence of a circular reference
2019-09-27 17:23:29,767 [localhost-startStop-1] [org.springframework.beans.factory.support.DefaultListableBeanFactory]-[DEBUG] Finished creating instance of bean '(inner bean)#1e50c5d'
2019-09-27 17:23:29,767 [localhost-startStop-1] [org.springframework.beans.factory.support.DefaultListableBeanFactory]-[DEBUG] Returning cached instance of singleton bean 'org.springframework.format.support.FormattingConversionServiceFactoryBean#0'
2019-09-27 17:23:29,768 [localhost-startStop-1] [org.springframework.beans.factory.support.DefaultListableBeanFactory]-[DEBUG] Invoking afterPropertiesSet() on bean with name 'mvcUriComponentsContributor'
2019-09-27 17:23:29,769 [localhost-startStop-1] [org.springframework.beans.factory.support.DefaultListableBeanFactory]-[DEBUG] Finished creating instance of bean 'mvcUriComponentsContributor'
2019-09-27 17:23:29,769 [localhost-startStop-1] [org.springframework.beans.factory.support.DefaultListableBeanFactory]-[DEBUG] Returning cached instance of singleton bean 'org.springframework.web.servlet.handler.MappedInterceptor#0'
2019-09-27 17:23:29,769 [localhost-startStop-1] [org.springframework.beans.factory.support.DefaultListableBeanFactory]-[DEBUG] Creating shared instance of singleton bean 'org.springframework.web.servlet.mvc.method.annotation.ExceptionHandlerExceptionResolver#0'
2019-09-27 17:23:29,770 [localhost-startStop-1] [org.springframework.beans.factory.support.DefaultListableBeanFactory]-[DEBUG] Creating instance of bean 'org.springframework.web.servlet.mvc.method.annotation.ExceptionHandlerExceptionResolver#0'
2019-09-27 17:23:29,779 [localhost-startStop-1] [org.springframework.beans.factory.support.DefaultListableBeanFactory]-[DEBUG] Eagerly caching bean 'org.springframework.web.servlet.mvc.method.annotation.ExceptionHandlerExceptionResolver#0' to allow for resolving potential circular references
2019-09-27 17:23:29,803 [localhost-startStop-1] [org.springframework.beans.factory.support.DefaultListableBeanFactory]-[DEBUG] Returning cached instance of singleton bean 'mvcContentNegotiationManager'
2019-09-27 17:23:29,803 [localhost-startStop-1] [org.springframework.beans.factory.support.DefaultListableBeanFactory]-[DEBUG] Creating instance of bean '(inner bean)#193f418#2'
2019-09-27 17:23:29,804 [localhost-startStop-1] [org.springframework.beans.factory.support.DefaultListableBeanFactory]-[DEBUG] Finished creating instance of bean '(inner bean)#193f418#2'
2019-09-27 17:23:29,804 [localhost-startStop-1] [org.springframework.beans.factory.support.DefaultListableBeanFactory]-[DEBUG] Creating instance of bean '(inner bean)#9d8c85#2'
2019-09-27 17:23:29,805 [localhost-startStop-1] [org.springframework.beans.factory.support.DefaultListableBeanFactory]-[DEBUG] Finished creating instance of bean '(inner bean)#9d8c85#2'
2019-09-27 17:23:29,805 [localhost-startStop-1] [org.springframework.beans.factory.support.DefaultListableBeanFactory]-[DEBUG] Creating instance of bean '(inner bean)#909ffa#2'
2019-09-27 17:23:29,806 [localhost-startStop-1] [org.springframework.beans.factory.support.DefaultListableBeanFactory]-[DEBUG] Finished creating instance of bean '(inner bean)#909ffa#2'
2019-09-27 17:23:29,806 [localhost-startStop-1] [org.springframework.beans.factory.support.DefaultListableBeanFactory]-[DEBUG] Creating instance of bean '(inner bean)#1e13541#2'
2019-09-27 17:23:29,807 [localhost-startStop-1] [org.springframework.beans.factory.support.DefaultListableBeanFactory]-[DEBUG] Finished creating instance of bean '(inner bean)#1e13541#2'
2019-09-27 17:23:29,807 [localhost-startStop-1] [org.springframework.beans.factory.support.DefaultListableBeanFactory]-[DEBUG] Creating instance of bean '(inner bean)#1960c08#2'
2019-09-27 17:23:29,819 [localhost-startStop-1] [org.springframework.beans.factory.support.DefaultListableBeanFactory]-[DEBUG] Finished creating instance of bean '(inner bean)#1960c08#2'
2019-09-27 17:23:29,819 [localhost-startStop-1] [org.springframework.beans.factory.support.DefaultListableBeanFactory]-[DEBUG] Creating instance of bean '(inner bean)#1de4a8d#2'
2019-09-27 17:23:29,821 [localhost-startStop-1] [org.springframework.beans.factory.support.DefaultListableBeanFactory]-[DEBUG] Finished creating instance of bean '(inner bean)#1de4a8d#2'
2019-09-27 17:23:29,821 [localhost-startStop-1] [org.springframework.beans.factory.support.DefaultListableBeanFactory]-[DEBUG] Creating instance of bean '(inner bean)#126cc9f#2'
2019-09-27 17:23:29,828 [localhost-startStop-1] [org.springframework.beans.factory.support.DefaultListableBeanFactory]-[DEBUG] Finished creating instance of bean '(inner bean)#126cc9f#2'
2019-09-27 17:23:29,829 [localhost-startStop-1] [org.springframework.beans.factory.support.DefaultListableBeanFactory]-[DEBUG] Creating instance of bean '(inner bean)#14c95b3'
2019-09-27 17:23:29,830 [localhost-startStop-1] [org.springframework.beans.factory.support.DefaultListableBeanFactory]-[DEBUG] Finished creating instance of bean '(inner bean)#14c95b3'
2019-09-27 17:23:29,833 [localhost-startStop-1] [org.springframework.beans.factory.support.DefaultListableBeanFactory]-[DEBUG] Invoking afterPropertiesSet() on bean with name 'org.springframework.web.servlet.mvc.method.annotation.ExceptionHandlerExceptionResolver#0'
2019-09-27 17:23:29,834 [localhost-startStop-1] [org.springframework.web.servlet.mvc.method.annotation.ExceptionHandlerExceptionResolver]-[DEBUG] Looking for exception mappings: WebApplicationContext for namespace 'taotao-search-servlet': startup date [Fri Sep 27 17:23:28 CST 2019]; parent: Root WebApplicationContext
2019-09-27 17:23:29,836 [localhost-startStop-1] [org.springframework.beans.factory.support.DefaultListableBeanFactory]-[DEBUG] Finished creating instance of bean 'org.springframework.web.servlet.mvc.method.annotation.ExceptionHandlerExceptionResolver#0'
2019-09-27 17:23:29,837 [localhost-startStop-1] [org.springframework.beans.factory.support.DefaultListableBeanFactory]-[DEBUG] Creating shared instance of singleton bean 'org.springframework.web.servlet.mvc.annotation.ResponseStatusExceptionResolver#0'
2019-09-27 17:23:29,837 [localhost-startStop-1] [org.springframework.beans.factory.support.DefaultListableBeanFactory]-[DEBUG] Creating instance of bean 'org.springframework.web.servlet.mvc.annotation.ResponseStatusExceptionResolver#0'
2019-09-27 17:23:29,838 [localhost-startStop-1] [org.springframework.beans.factory.support.DefaultListableBeanFactory]-[DEBUG] Eagerly caching bean 'org.springframework.web.servlet.mvc.annotation.ResponseStatusExceptionResolver#0' to allow for resolving potential circular references
2019-09-27 17:23:29,849 [localhost-startStop-1] [org.springframework.beans.factory.support.DefaultListableBeanFactory]-[DEBUG] Finished creating instance of bean 'org.springframework.web.servlet.mvc.annotation.ResponseStatusExceptionResolver#0'
2019-09-27 17:23:29,849 [localhost-startStop-1] [org.springframework.beans.factory.support.DefaultListableBeanFactory]-[DEBUG] Creating shared instance of singleton bean 'org.springframework.web.servlet.mvc.support.DefaultHandlerExceptionResolver#0'
2019-09-27 17:23:29,849 [localhost-startStop-1] [org.springframework.beans.factory.support.DefaultListableBeanFactory]-[DEBUG] Creating instance of bean 'org.springframework.web.servlet.mvc.support.DefaultHandlerExceptionResolver#0'
2019-09-27 17:23:29,850 [localhost-startStop-1] [org.springframework.beans.factory.support.DefaultListableBeanFactory]-[DEBUG] Eagerly caching bean 'org.springframework.web.servlet.mvc.support.DefaultHandlerExceptionResolver#0' to allow for resolving potential circular references
2019-09-27 17:23:29,856 [localhost-startStop-1] [org.springframework.beans.factory.support.DefaultListableBeanFactory]-[DEBUG] Finished creating instance of bean 'org.springframework.web.servlet.mvc.support.DefaultHandlerExceptionResolver#0'
2019-09-27 17:23:29,856 [localhost-startStop-1] [org.springframework.beans.factory.support.DefaultListableBeanFactory]-[DEBUG] Creating shared instance of singleton bean 'org.springframework.web.servlet.handler.BeanNameUrlHandlerMapping'
2019-09-27 17:23:29,857 [localhost-startStop-1] [org.springframework.beans.factory.support.DefaultListableBeanFactory]-[DEBUG] Creating instance of bean 'org.springframework.web.servlet.handler.BeanNameUrlHandlerMapping'
2019-09-27 17:23:29,857 [localhost-startStop-1] [org.springframework.beans.factory.support.DefaultListableBeanFactory]-[DEBUG] Eagerly caching bean 'org.springframework.web.servlet.handler.BeanNameUrlHandlerMapping' to allow for resolving potential circular references
2019-09-27 17:23:29,876 [localhost-startStop-1] [org.springframework.beans.factory.support.DefaultListableBeanFactory]-[DEBUG] Returning cached instance of singleton bean 'org.springframework.web.servlet.handler.MappedInterceptor#0'
2019-09-27 17:23:29,877 [localhost-startStop-1] [org.springframework.web.servlet.handler.BeanNameUrlHandlerMapping]-[DEBUG] Looking for URL mappings in application context: WebApplicationContext for namespace 'taotao-search-servlet': startup date [Fri Sep 27 17:23:28 CST 2019]; parent: Root WebApplicationContext
2019-09-27 17:23:29,877 [localhost-startStop-1] [org.springframework.web.servlet.handler.BeanNameUrlHandlerMapping]-[DEBUG] Rejected bean name 'itemController': no URL paths identified
2019-09-27 17:23:29,877 [localhost-startStop-1] [org.springframework.web.servlet.handler.BeanNameUrlHandlerMapping]-[DEBUG] Rejected bean name 'searchController': no URL paths identified
2019-09-27 17:23:29,877 [localhost-startStop-1] [org.springframework.web.servlet.handler.BeanNameUrlHandlerMapping]-[DEBUG] Rejected bean name 'org.springframework.context.annotation.internalConfigurationAnnotationProcessor': no URL paths identified
2019-09-27 17:23:29,884 [localhost-startStop-1] [org.springframework.web.servlet.handler.BeanNameUrlHandlerMapping]-[DEBUG] Rejected bean name 'org.springframework.context.annotation.internalAutowiredAnnotationProcessor': no URL paths identified
2019-09-27 17:23:29,885 [localhost-startStop-1] [org.springframework.web.servlet.handler.BeanNameUrlHandlerMapping]-[DEBUG] Rejected bean name 'org.springframework.context.annotation.internalRequiredAnnotationProcessor': no URL paths identified
2019-09-27 17:23:29,885 [localhost-startStop-1] [org.springframework.web.servlet.handler.BeanNameUrlHandlerMapping]-[DEBUG] Rejected bean name 'org.springframework.context.annotation.internalCommonAnnotationProcessor': no URL paths identified
2019-09-27 17:23:29,885 [localhost-startStop-1] [org.springframework.web.servlet.handler.BeanNameUrlHandlerMapping]-[DEBUG] Rejected bean name 'mvcContentNegotiationManager': no URL paths identified
2019-09-27 17:23:29,885 [localhost-startStop-1] [org.springframework.web.servlet.handler.BeanNameUrlHandlerMapping]-[DEBUG] Rejected bean name 'org.springframework.web.servlet.mvc.method.annotation.RequestMappingHandlerMapping#0': no URL paths identified
2019-09-27 17:23:29,886 [localhost-startStop-1] [org.springframework.web.servlet.handler.BeanNameUrlHandlerMapping]-[DEBUG] Rejected bean name 'org.springframework.format.support.FormattingConversionServiceFactoryBean#0': no URL paths identified
2019-09-27 17:23:29,886 [localhost-startStop-1] [org.springframework.web.servlet.handler.BeanNameUrlHandlerMapping]-[DEBUG] Rejected bean name 'org.springframework.web.servlet.mvc.method.annotation.RequestMappingHandlerAdapter#0': no URL paths identified
2019-09-27 17:23:29,886 [localhost-startStop-1] [org.springframework.web.servlet.handler.BeanNameUrlHandlerMapping]-[DEBUG] Rejected bean name 'mvcUriComponentsContributor': no URL paths identified
2019-09-27 17:23:29,886 [localhost-startStop-1] [org.springframework.web.servlet.handler.BeanNameUrlHandlerMapping]-[DEBUG] Rejected bean name 'org.springframework.web.servlet.handler.MappedInterceptor#0': no URL paths identified
2019-09-27 17:23:29,886 [localhost-startStop-1] [org.springframework.web.servlet.handler.BeanNameUrlHandlerMapping]-[DEBUG] Rejected bean name 'org.springframework.web.servlet.mvc.method.annotation.ExceptionHandlerExceptionResolver#0': no URL paths identified
2019-09-27 17:23:29,886 [localhost-startStop-1] [org.springframework.web.servlet.handler.BeanNameUrlHandlerMapping]-[DEBUG] Rejected bean name 'org.springframework.web.servlet.mvc.annotation.ResponseStatusExceptionResolver#0': no URL paths identified
2019-09-27 17:23:29,887 [localhost-startStop-1] [org.springframework.web.servlet.handler.BeanNameUrlHandlerMapping]-[DEBUG] Rejected bean name 'org.springframework.web.servlet.mvc.support.DefaultHandlerExceptionResolver#0': no URL paths identified
2019-09-27 17:23:29,887 [localhost-startStop-1] [org.springframework.web.servlet.handler.BeanNameUrlHandlerMapping]-[DEBUG] Rejected bean name 'org.springframework.web.servlet.handler.BeanNameUrlHandlerMapping': no URL paths identified
2019-09-27 17:23:29,887 [localhost-startStop-1] [org.springframework.web.servlet.handler.BeanNameUrlHandlerMapping]-[DEBUG] Rejected bean name 'org.springframework.web.servlet.mvc.HttpRequestHandlerAdapter': no URL paths identified
2019-09-27 17:23:29,887 [localhost-startStop-1] [org.springframework.web.servlet.handler.BeanNameUrlHandlerMapping]-[DEBUG] Rejected bean name 'org.springframework.web.servlet.mvc.SimpleControllerHandlerAdapter': no URL paths identified
2019-09-27 17:23:29,888 [localhost-startStop-1] [org.springframework.web.servlet.handler.BeanNameUrlHandlerMapping]-[DEBUG] Rejected bean name 'org.springframework.web.servlet.view.InternalResourceViewResolver#0': no URL paths identified
2019-09-27 17:23:29,888 [localhost-startStop-1] [org.springframework.web.servlet.handler.BeanNameUrlHandlerMapping]-[DEBUG] Rejected bean name 'org.springframework.context.annotation.ConfigurationClassPostProcessor.importAwareProcessor': no URL paths identified
2019-09-27 17:23:29,888 [localhost-startStop-1] [org.springframework.web.servlet.handler.BeanNameUrlHandlerMapping]-[DEBUG] Rejected bean name 'org.springframework.context.annotation.ConfigurationClassPostProcessor.enhancedConfigurationProcessor': no URL paths identified
2019-09-27 17:23:29,888 [localhost-startStop-1] [org.springframework.web.servlet.handler.BeanNameUrlHandlerMapping]-[DEBUG] Rejected bean name 'environment': no URL paths identified
2019-09-27 17:23:29,889 [localhost-startStop-1] [org.springframework.web.servlet.handler.BeanNameUrlHandlerMapping]-[DEBUG] Rejected bean name 'systemProperties': no URL paths identified
2019-09-27 17:23:29,889 [localhost-startStop-1] [org.springframework.web.servlet.handler.BeanNameUrlHandlerMapping]-[DEBUG] Rejected bean name 'systemEnvironment': no URL paths identified
2019-09-27 17:23:29,889 [localhost-startStop-1] [org.springframework.web.servlet.handler.BeanNameUrlHandlerMapping]-[DEBUG] Rejected bean name 'servletConfig': no URL paths identified
2019-09-27 17:23:29,889 [localhost-startStop-1] [org.springframework.web.servlet.handler.BeanNameUrlHandlerMapping]-[DEBUG] Rejected bean name 'org.springframework.context.annotation.ConfigurationClassPostProcessor.importRegistry': no URL paths identified
2019-09-27 17:23:29,889 [localhost-startStop-1] [org.springframework.web.servlet.handler.BeanNameUrlHandlerMapping]-[DEBUG] Rejected bean name 'messageSource': no URL paths identified
2019-09-27 17:23:29,889 [localhost-startStop-1] [org.springframework.web.servlet.handler.BeanNameUrlHandlerMapping]-[DEBUG] Rejected bean name 'applicationEventMulticaster': no URL paths identified
2019-09-27 17:23:29,889 [localhost-startStop-1] [org.springframework.beans.factory.support.DefaultListableBeanFactory]-[DEBUG] Finished creating instance of bean 'org.springframework.web.servlet.handler.BeanNameUrlHandlerMapping'
2019-09-27 17:23:29,890 [localhost-startStop-1] [org.springframework.beans.factory.support.DefaultListableBeanFactory]-[DEBUG] Creating shared instance of singleton bean 'org.springframework.web.servlet.mvc.HttpRequestHandlerAdapter'
2019-09-27 17:23:29,890 [localhost-startStop-1] [org.springframework.beans.factory.support.DefaultListableBeanFactory]-[DEBUG] Creating instance of bean 'org.springframework.web.servlet.mvc.HttpRequestHandlerAdapter'
2019-09-27 17:23:29,890 [localhost-startStop-1] [org.springframework.beans.factory.support.DefaultListableBeanFactory]-[DEBUG] Eagerly caching bean 'org.springframework.web.servlet.mvc.HttpRequestHandlerAdapter' to allow for resolving potential circular references
2019-09-27 17:23:29,895 [localhost-startStop-1] [org.springframework.beans.factory.support.DefaultListableBeanFactory]-[DEBUG] Finished creating instance of bean 'org.springframework.web.servlet.mvc.HttpRequestHandlerAdapter'
2019-09-27 17:23:29,896 [localhost-startStop-1] [org.springframework.beans.factory.support.DefaultListableBeanFactory]-[DEBUG] Creating shared instance of singleton bean 'org.springframework.web.servlet.mvc.SimpleControllerHandlerAdapter'
2019-09-27 17:23:29,896 [localhost-startStop-1] [org.springframework.beans.factory.support.DefaultListableBeanFactory]-[DEBUG] Creating instance of bean 'org.springframework.web.servlet.mvc.SimpleControllerHandlerAdapter'
2019-09-27 17:23:29,896 [localhost-startStop-1] [org.springframework.beans.factory.support.DefaultListableBeanFactory]-[DEBUG] Eagerly caching bean 'org.springframework.web.servlet.mvc.SimpleControllerHandlerAdapter' to allow for resolving potential circular references
2019-09-27 17:23:29,903 [localhost-startStop-1] [org.springframework.beans.factory.support.DefaultListableBeanFactory]-[DEBUG] Finished creating instance of bean 'org.springframework.web.servlet.mvc.SimpleControllerHandlerAdapter'
2019-09-27 17:23:29,903 [localhost-startStop-1] [org.springframework.beans.factory.support.DefaultListableBeanFactory]-[DEBUG] Creating shared instance of singleton bean 'org.springframework.web.servlet.view.InternalResourceViewResolver#0'
2019-09-27 17:23:29,904 [localhost-startStop-1] [org.springframework.beans.factory.support.DefaultListableBeanFactory]-[DEBUG] Creating instance of bean 'org.springframework.web.servlet.view.InternalResourceViewResolver#0'
2019-09-27 17:23:29,914 [localhost-startStop-1] [org.springframework.beans.factory.support.DefaultListableBeanFactory]-[DEBUG] Eagerly caching bean 'org.springframework.web.servlet.view.InternalResourceViewResolver#0' to allow for resolving potential circular references
2019-09-27 17:23:29,941 [localhost-startStop-1] [org.springframework.beans.factory.support.DefaultListableBeanFactory]-[DEBUG] Finished creating instance of bean 'org.springframework.web.servlet.view.InternalResourceViewResolver#0'
2019-09-27 17:23:29,941 [localhost-startStop-1] [org.springframework.beans.factory.support.DefaultListableBeanFactory]-[DEBUG] Returning cached instance of singleton bean 'org.springframework.context.annotation.ConfigurationClassPostProcessor.importAwareProcessor'
2019-09-27 17:23:29,941 [localhost-startStop-1] [org.springframework.beans.factory.support.DefaultListableBeanFactory]-[DEBUG] Returning cached instance of singleton bean 'org.springframework.context.annotation.ConfigurationClassPostProcessor.enhancedConfigurationProcessor'
2019-09-27 17:23:29,941 [localhost-startStop-1] [org.springframework.web.context.support.XmlWebApplicationContext]-[DEBUG] Unable to locate LifecycleProcessor with name 'lifecycleProcessor': using default [org.springframework.context.support.DefaultLifecycleProcessor@183b315]
2019-09-27 17:23:29,942 [localhost-startStop-1] [org.springframework.beans.factory.support.DefaultListableBeanFactory]-[DEBUG] Returning cached instance of singleton bean 'lifecycleProcessor'
2019-09-27 17:23:29,943 [localhost-startStop-1] [org.springframework.web.servlet.DispatcherServlet]-[DEBUG] Unable to locate MultipartResolver with name 'multipartResolver': no multipart request handling provided
2019-09-27 17:23:29,943 [localhost-startStop-1] [org.springframework.beans.factory.support.DefaultListableBeanFactory]-[DEBUG] Creating instance of bean 'org.springframework.web.servlet.i18n.AcceptHeaderLocaleResolver'
2019-09-27 17:23:29,951 [localhost-startStop-1] [org.springframework.beans.factory.support.DefaultListableBeanFactory]-[DEBUG] Finished creating instance of bean 'org.springframework.web.servlet.i18n.AcceptHeaderLocaleResolver'
2019-09-27 17:23:29,951 [localhost-startStop-1] [org.springframework.web.servlet.DispatcherServlet]-[DEBUG] Unable to locate LocaleResolver with name 'localeResolver': using default [org.springframework.web.servlet.i18n.AcceptHeaderLocaleResolver@17ac680]
2019-09-27 17:23:29,953 [localhost-startStop-1] [org.springframework.beans.factory.support.DefaultListableBeanFactory]-[DEBUG] Creating instance of bean 'org.springframework.web.servlet.theme.FixedThemeResolver'
2019-09-27 17:23:29,964 [localhost-startStop-1] [org.springframework.beans.factory.support.DefaultListableBeanFactory]-[DEBUG] Finished creating instance of bean 'org.springframework.web.servlet.theme.FixedThemeResolver'
2019-09-27 17:23:29,964 [localhost-startStop-1] [org.springframework.web.servlet.DispatcherServlet]-[DEBUG] Unable to locate ThemeResolver with name 'themeResolver': using default [org.springframework.web.servlet.theme.FixedThemeResolver@1019ad1]
2019-09-27 17:23:29,965 [localhost-startStop-1] [org.springframework.beans.factory.support.DefaultListableBeanFactory]-[DEBUG] Returning cached instance of singleton bean 'org.springframework.web.servlet.mvc.method.annotation.RequestMappingHandlerMapping#0'
2019-09-27 17:23:29,965 [localhost-startStop-1] [org.springframework.beans.factory.support.DefaultListableBeanFactory]-[DEBUG] Returning cached instance of singleton bean 'org.springframework.web.servlet.handler.BeanNameUrlHandlerMapping'
2019-09-27 17:23:29,965 [localhost-startStop-1] [org.springframework.beans.factory.support.DefaultListableBeanFactory]-[DEBUG] Returning cached instance of singleton bean 'org.springframework.web.servlet.mvc.method.annotation.RequestMappingHandlerAdapter#0'
2019-09-27 17:23:29,965 [localhost-startStop-1] [org.springframework.beans.factory.support.DefaultListableBeanFactory]-[DEBUG] Returning cached instance of singleton bean 'org.springframework.web.servlet.mvc.HttpRequestHandlerAdapter'
2019-09-27 17:23:29,965 [localhost-startStop-1] [org.springframework.beans.factory.support.DefaultListableBeanFactory]-[DEBUG] Returning cached instance of singleton bean 'org.springframework.web.servlet.mvc.SimpleControllerHandlerAdapter'
2019-09-27 17:23:29,966 [localhost-startStop-1] [org.springframework.beans.factory.support.DefaultListableBeanFactory]-[DEBUG] Returning cached instance of singleton bean 'org.springframework.web.servlet.mvc.method.annotation.ExceptionHandlerExceptionResolver#0'
2019-09-27 17:23:29,966 [localhost-startStop-1] [org.springframework.beans.factory.support.DefaultListableBeanFactory]-[DEBUG] Returning cached instance of singleton bean 'org.springframework.web.servlet.mvc.annotation.ResponseStatusExceptionResolver#0'
2019-09-27 17:23:29,967 [localhost-startStop-1] [org.springframework.beans.factory.support.DefaultListableBeanFactory]-[DEBUG] Returning cached instance of singleton bean 'org.springframework.web.servlet.mvc.support.DefaultHandlerExceptionResolver#0'
2019-09-27 17:23:29,969 [localhost-startStop-1] [org.springframework.beans.factory.support.DefaultListableBeanFactory]-[DEBUG] Creating instance of bean 'org.springframework.web.servlet.view.DefaultRequestToViewNameTranslator'
2019-09-27 17:23:29,976 [localhost-startStop-1] [org.springframework.beans.factory.support.DefaultListableBeanFactory]-[DEBUG] Finished creating instance of bean 'org.springframework.web.servlet.view.DefaultRequestToViewNameTranslator'
2019-09-27 17:23:29,989 [localhost-startStop-1] [org.springframework.web.servlet.DispatcherServlet]-[DEBUG] Unable to locate RequestToViewNameTranslator with name 'viewNameTranslator': using default [org.springframework.web.servlet.view.DefaultRequestToViewNameTranslator@1549b88]
2019-09-27 17:23:29,989 [localhost-startStop-1] [org.springframework.beans.factory.support.DefaultListableBeanFactory]-[DEBUG] Returning cached instance of singleton bean 'org.springframework.web.servlet.view.InternalResourceViewResolver#0'
2019-09-27 17:23:30,003 [localhost-startStop-1] [org.springframework.beans.factory.support.DefaultListableBeanFactory]-[DEBUG] Creating instance of bean 'org.springframework.web.servlet.support.SessionFlashMapManager'
2019-09-27 17:23:30,020 [localhost-startStop-1] [org.springframework.beans.factory.support.DefaultListableBeanFactory]-[DEBUG] Finished creating instance of bean 'org.springframework.web.servlet.support.SessionFlashMapManager'
2019-09-27 17:23:30,021 [localhost-startStop-1] [org.springframework.web.servlet.DispatcherServlet]-[DEBUG] Unable to locate FlashMapManager with name 'flashMapManager': using default [org.springframework.web.servlet.support.SessionFlashMapManager@181800e]
2019-09-27 17:23:30,024 [localhost-startStop-1] [org.springframework.core.env.PropertySourcesPropertyResolver]-[DEBUG] Searching for key 'spring.liveBeansView.mbeanDomain' in [servletConfigInitParams]
2019-09-27 17:23:30,024 [localhost-startStop-1] [org.springframework.core.env.PropertySourcesPropertyResolver]-[DEBUG] Searching for key 'spring.liveBeansView.mbeanDomain' in [servletContextInitParams]
2019-09-27 17:23:30,024 [localhost-startStop-1] [org.springframework.core.env.PropertySourcesPropertyResolver]-[DEBUG] Searching for key 'spring.liveBeansView.mbeanDomain' in [jndiProperties]
2019-09-27 17:23:30,024 [localhost-startStop-1] [org.springframework.jndi.JndiTemplate]-[DEBUG] Looking up JNDI object with name [java:comp/env/spring.liveBeansView.mbeanDomain]
2019-09-27 17:23:30,037 [localhost-startStop-1] [org.springframework.jndi.JndiLocatorDelegate]-[DEBUG] Converted JNDI name [java:comp/env/spring.liveBeansView.mbeanDomain] not found - trying original name [spring.liveBeansView.mbeanDomain]. javax.naming.NameNotFoundException: Name [spring.liveBeansView.mbeanDomain] is not bound in this Context. Unable to find [spring.liveBeansView.mbeanDomain].
2019-09-27 17:23:30,041 [localhost-startStop-1] [org.springframework.jndi.JndiTemplate]-[DEBUG] Looking up JNDI object with name [spring.liveBeansView.mbeanDomain]
2019-09-27 17:23:30,055 [localhost-startStop-1] [org.springframework.jndi.JndiPropertySource]-[DEBUG] JNDI lookup for name [spring.liveBeansView.mbeanDomain] threw NamingException with message: Name [spring.liveBeansView.mbeanDomain] is not bound in this Context. Unable to find [spring.liveBeansView.mbeanDomain].. Returning null.
2019-09-27 17:23:30,056 [localhost-startStop-1] [org.springframework.core.env.PropertySourcesPropertyResolver]-[DEBUG] Searching for key 'spring.liveBeansView.mbeanDomain' in [systemProperties]
2019-09-27 17:23:30,057 [localhost-startStop-1] [org.springframework.core.env.PropertySourcesPropertyResolver]-[DEBUG] Searching for key 'spring.liveBeansView.mbeanDomain' in [systemEnvironment]
2019-09-27 17:23:30,061 [localhost-startStop-1] [org.springframework.core.env.PropertySourcesPropertyResolver]-[DEBUG] Could not find key 'spring.liveBeansView.mbeanDomain' in any property source. Returning [null]
2019-09-27 17:23:30,062 [localhost-startStop-1] [org.springframework.web.servlet.DispatcherServlet]-[DEBUG] Published WebApplicationContext of servlet 'taotao-search' as ServletContext attribute with name [org.springframework.web.servlet.FrameworkServlet.CONTEXT.taotao-search]
2019-09-27 17:23:30,062 [localhost-startStop-1] [org.springframework.web.servlet.DispatcherServlet]-[INFO] FrameworkServlet 'taotao-search': initialization completed in 1973 ms
2019-09-27 17:23:30,062 [localhost-startStop-1] [org.springframework.web.servlet.DispatcherServlet]-[DEBUG] Servlet 'taotao-search' configured successfully
2019-09-27 17:23:47,795 [ActiveMQ InactivityMonitor WriteCheckTimer] [org.apache.activemq.transport.AbstractInactivityMonitor]-[DEBUG] WriteChecker: 10000ms elapsed since last write check.
2019-09-27 17:23:47,797 [ActiveMQ InactivityMonitor Worker] [org.apache.activemq.transport.AbstractInactivityMonitor]-[DEBUG] Running WriteCheck[tcp://192.168.25.135:61616]
2019-09-27 17:23:57,795 [ActiveMQ InactivityMonitor WriteCheckTimer] [org.apache.activemq.transport.AbstractInactivityMonitor]-[DEBUG] WriteChecker: 10000ms elapsed since last write check.
2019-09-27 17:23:57,795 [ActiveMQ InactivityMonitor Worker] [org.apache.activemq.transport.AbstractInactivityMonitor]-[DEBUG] Running WriteCheck[tcp://192.168.25.135:61616]
2019-09-27 17:24:07,795 [ActiveMQ InactivityMonitor WriteCheckTimer] [org.apache.activemq.transport.AbstractInactivityMonitor]-[DEBUG] WriteChecker: 10000ms elapsed since last write check.
2019-09-27 17:24:07,795 [ActiveMQ InactivityMonitor Worker] [org.apache.activemq.transport.AbstractInactivityMonitor]-[DEBUG] Running WriteCheck[tcp://192.168.25.135:61616]
2019-09-27 17:24:07,796 [ActiveMQ InactivityMonitor ReadCheckTimer] [org.apache.activemq.transport.AbstractInactivityMonitor]-[DEBUG] 30001ms elapsed since last read check.
2019-09-27 17:24:17,795 [ActiveMQ InactivityMonitor WriteCheckTimer] [org.apache.activemq.transport.AbstractInactivityMonitor]-[DEBUG] WriteChecker: 10000ms elapsed since last write check.
2019-09-27 17:24:17,795 [ActiveMQ InactivityMonitor Worker] [org.apache.activemq.transport.AbstractInactivityMonitor]-[DEBUG] Running WriteCheck[tcp://192.168.25.135:61616]
2019-09-27 17:24:27,795 [ActiveMQ InactivityMonitor WriteCheckTimer] [org.apache.activemq.transport.AbstractInactivityMonitor]-[DEBUG] WriteChecker: 10000ms elapsed since last write check.
2019-09-27 17:24:27,795 [ActiveMQ InactivityMonitor Worker] [org.apache.activemq.transport.AbstractInactivityMonitor]-[DEBUG] Running WriteCheck[tcp://192.168.25.135:61616]
2019-09-27 17:24:37,807 [ActiveMQ InactivityMonitor WriteCheckTimer] [org.apache.activemq.transport.AbstractInactivityMonitor]-[DEBUG] WriteChecker: 10012ms elapsed since last write check.
2019-09-27 17:24:37,808 [ActiveMQ InactivityMonitor Worker] [org.apache.activemq.transport.AbstractInactivityMonitor]-[DEBUG] Running WriteCheck[tcp://192.168.25.135:61616]
2019-09-27 17:24:37,808 [ActiveMQ InactivityMonitor ReadCheckTimer] [org.apache.activemq.transport.AbstractInactivityMonitor]-[DEBUG] 30012ms elapsed since last read check.
2019-09-27 17:24:47,807 [ActiveMQ InactivityMonitor WriteCheckTimer] [org.apache.activemq.transport.AbstractInactivityMonitor]-[DEBUG] WriteChecker: 10000ms elapsed since last write check.
2019-09-27 17:24:47,807 [ActiveMQ InactivityMonitor Worker] [org.apache.activemq.transport.AbstractInactivityMonitor]-[DEBUG] Running WriteCheck[tcp://192.168.25.135:61616]
2019-09-27 17:24:57,488 [org.springframework.jms.listener.DefaultMessageListenerContainer#0-1] [org.springframework.jms.listener.DefaultMessageListenerContainer]-[DEBUG] Received message of type [class org.apache.activemq.command.ActiveMQTextMessage] from consumer [ActiveMQMessageConsumer { value=ID:DESKTOP-65ETUKV-27194-1569576207500-1:1:1:1, started=true }] of session [ActiveMQSession {id=ID:DESKTOP-65ETUKV-27194-1569576207500-1:1:1,started=true} java.lang.Object@fd8bc6]
2019-09-27 17:24:57,807 [ActiveMQ InactivityMonitor WriteCheckTimer] [org.apache.activemq.transport.AbstractInactivityMonitor]-[DEBUG] WriteChecker: 10000ms elapsed since last write check.
2019-09-27 17:25:07,807 [ActiveMQ InactivityMonitor WriteCheckTimer] [org.apache.activemq.transport.AbstractInactivityMonitor]-[DEBUG] WriteChecker: 10000ms elapsed since last write check.
2019-09-27 17:25:07,807 [ActiveMQ InactivityMonitor Worker] [org.apache.activemq.transport.AbstractInactivityMonitor]-[DEBUG] Running WriteCheck[tcp://192.168.25.135:61616]
2019-09-27 17:25:07,809 [ActiveMQ InactivityMonitor ReadCheckTimer] [org.apache.activemq.transport.AbstractInactivityMonitor]-[DEBUG] 30001ms elapsed since last read check.
2019-09-27 17:25:17,808 [ActiveMQ InactivityMonitor WriteCheckTimer] [org.apache.activemq.transport.AbstractInactivityMonitor]-[DEBUG] WriteChecker: 10001ms elapsed since last write check.
2019-09-27 17:25:17,808 [ActiveMQ InactivityMonitor Worker] [org.apache.activemq.transport.AbstractInactivityMonitor]-[DEBUG] Running WriteCheck[tcp://192.168.25.135:61616]
2019-09-27 17:25:27,808 [ActiveMQ InactivityMonitor WriteCheckTimer] [org.apache.activemq.transport.AbstractInactivityMonitor]-[DEBUG] WriteChecker: 10000ms elapsed since last write check.
2019-09-27 17:25:27,808 [ActiveMQ InactivityMonitor Worker] [org.apache.activemq.transport.AbstractInactivityMonitor]-[DEBUG] Running WriteCheck[tcp://192.168.25.135:61616]
2019-09-27 17:25:37,808 [ActiveMQ InactivityMonitor WriteCheckTimer] [org.apache.activemq.transport.AbstractInactivityMonitor]-[DEBUG] WriteChecker: 10000ms elapsed since last write check.
2019-09-27 17:25:37,808 [ActiveMQ InactivityMonitor Worker] [org.apache.activemq.transport.AbstractInactivityMonitor]-[DEBUG] Running WriteCheck[tcp://192.168.25.135:61616]
2019-09-27 17:25:37,809 [ActiveMQ InactivityMonitor ReadCheckTimer] [org.apache.activemq.transport.AbstractInactivityMonitor]-[DEBUG] 30000ms elapsed since last read check.
2019-09-27 17:25:47,809 [ActiveMQ InactivityMonitor WriteCheckTimer] [org.apache.activemq.transport.AbstractInactivityMonitor]-[DEBUG] WriteChecker: 10001ms elapsed since last write check.
2019-09-27 17:25:47,809 [ActiveMQ InactivityMonitor Worker] [org.apache.activemq.transport.AbstractInactivityMonitor]-[DEBUG] Running WriteCheck[tcp://192.168.25.135:61616]
2019-09-27 17:25:57,809 [ActiveMQ InactivityMonitor WriteCheckTimer] [org.apache.activemq.transport.AbstractInactivityMonitor]-[DEBUG] WriteChecker: 10000ms elapsed since last write check.
2019-09-27 17:25:57,809 [ActiveMQ InactivityMonitor Worker] [org.apache.activemq.transport.AbstractInactivityMonitor]-[DEBUG] Running WriteCheck[tcp://192.168.25.135:61616]
2019-09-27 17:26:07,809 [ActiveMQ InactivityMonitor WriteCheckTimer] [org.apache.activemq.transport.AbstractInactivityMonitor]-[DEBUG] WriteChecker: 10000ms elapsed since last write check.
2019-09-27 17:26:07,809 [ActiveMQ InactivityMonitor ReadCheckTimer] [org.apache.activemq.transport.AbstractInactivityMonitor]-[DEBUG] 30000ms elapsed since last read check.
2019-09-27 17:26:07,809 [ActiveMQ InactivityMonitor Worker] [org.apache.activemq.transport.AbstractInactivityMonitor]-[DEBUG] Running WriteCheck[tcp://192.168.25.135:61616]
2019-09-27 17:26:17,809 [ActiveMQ InactivityMonitor WriteCheckTimer] [org.apache.activemq.transport.AbstractInactivityMonitor]-[DEBUG] WriteChecker: 10000ms elapsed since last write check.
2019-09-27 17:26:17,810 [ActiveMQ InactivityMonitor Worker] [org.apache.activemq.transport.AbstractInactivityMonitor]-[DEBUG] Running WriteCheck[tcp://192.168.25.135:61616]
2019-09-27 17:26:26,470 [org.springframework.jms.listener.DefaultMessageListenerContainer#0-1] [org.springframework.jms.listener.DefaultMessageListenerContainer]-[DEBUG] Received message of type [class org.apache.activemq.command.ActiveMQTextMessage] from consumer [ActiveMQMessageConsumer { value=ID:DESKTOP-65ETUKV-27194-1569576207500-1:1:1:1, started=true }] of session [ActiveMQSession {id=ID:DESKTOP-65ETUKV-27194-1569576207500-1:1:1,started=true} java.lang.Object@fd8bc6]
2019-09-27 17:26:27,809 [ActiveMQ InactivityMonitor WriteCheckTimer] [org.apache.activemq.transport.AbstractInactivityMonitor]-[DEBUG] WriteChecker: 10000ms elapsed since last write check.
2019-09-27 17:26:37,809 [ActiveMQ InactivityMonitor ReadCheckTimer] [org.apache.activemq.transport.AbstractInactivityMonitor]-[DEBUG] 30000ms elapsed since last read check.
2019-09-27 17:26:37,809 [ActiveMQ InactivityMonitor WriteCheckTimer] [org.apache.activemq.transport.AbstractInactivityMonitor]-[DEBUG] WriteChecker: 10000ms elapsed since last write check.
2019-09-27 17:26:37,810 [ActiveMQ InactivityMonitor Worker] [org.apache.activemq.transport.AbstractInactivityMonitor]-[DEBUG] Running WriteCheck[tcp://192.168.25.135:61616]
